# JRE version: OpenJDK Runtime Environment (8.0_152-b06) (build 1.8.0_152-release-1136-b06)
# Java VM: OpenJDK 64-Bit Server VM (25.152-b06 mixed mode windows-amd64 compressed oops)
Heap:
 PSYoungGen      total 232448K, used 165991K [0x00000000e0000000, 0x00000000f0d00000, 0x0000000100000000)
  eden space 202240K, 69% used [0x00000000e0000000,0x00000000e899fa80,0x00000000ec580000)
  from space 30208K, 82% used [0x00000000ec580000,0x00000000eddfa570,0x00000000ee300000)
  to   space 26624K, 0% used [0x00000000ee300000,0x00000000ee300000,0x00000000efd00000)
 ParOldGen       total 141312K, used 69928K [0x00000000a0000000, 0x00000000a8a00000, 0x00000000e0000000)
  object space 141312K, 49% used [0x00000000a0000000,0x00000000a444a320,0x00000000a8a00000)
 Metaspace       used 78684K, capacity 81294K, committed 81456K, reserved 1120256K
  class space    used 10354K, capacity 10980K, committed 11056K, reserved 1048576K
GC Heap History (10 events):
Event: 231.847 GC heap before
{Heap before GC invocations=20 (full 3):
 PSYoungGen      total 188416K, used 188384K [0x00000000e0000000, 0x00000000ed900000, 0x0000000100000000)
  eden space 169472K, 100% used [0x00000000e0000000,0x00000000ea580000,0x00000000ea580000)
  from space 18944K, 99% used [0x00000000ebe00000,0x00000000ed078080,0x00000000ed080000)
  to   space 25088K, 0% used [0x00000000ea580000,0x00000000ea580000,0x00000000ebe00000)
 ParOldGen       total 141312K, used 51316K [0x00000000a0000000, 0x00000000a8a00000, 0x00000000e0000000)
  object space 141312K, 36% used [0x00000000a0000000,0x00000000a321d350,0x00000000a8a00000)
 Metaspace       used 70261K, capacity 72400K, committed 72496K, reserved 1112064K
  class space    used 9370K, capacity 9942K, committed 10032K, reserved 1048576K
Event: 231.944 GC heap after
Heap after GC invocations=20 (full 3):
 PSYoungGen      total 194560K, used 12976K [0x00000000e0000000, 0x00000000ee980000, 0x0000000100000000)
  eden space 169472K, 0% used [0x00000000e0000000,0x00000000e0000000,0x00000000ea580000)
  from space 25088K, 51% used [0x00000000ea580000,0x00000000eb22c138,0x00000000ebe00000)
  to   space 24576K, 0% used [0x00000000ed180000,0x00000000ed180000,0x00000000ee980000)
 ParOldGen       total 141312K, used 69904K [0x00000000a0000000, 0x00000000a8a00000, 0x00000000e0000000)
  object space 141312K, 49% used [0x00000000a0000000,0x00000000a4444320,0x00000000a8a00000)
 Metaspace       used 70261K, capacity 72400K, committed 72496K, reserved 1112064K
  class space    used 9370K, capacity 9942K, committed 10032K, reserved 1048576K
}
Event: 254.870 GC heap before
{Heap before GC invocations=21 (full 3):
 PSYoungGen      total 194560K, used 182448K [0x00000000e0000000, 0x00000000ee980000, 0x0000000100000000)
  eden space 169472K, 100% used [0x00000000e0000000,0x00000000ea580000,0x00000000ea580000)
  from space 25088K, 51% used [0x00000000ea580000,0x00000000eb22c138,0x00000000ebe00000)
  to   space 24576K, 0% used [0x00000000ed180000,0x00000000ed180000,0x00000000ee980000)
 ParOldGen       total 141312K, used 69904K [0x00000000a0000000, 0x00000000a8a00000, 0x00000000e0000000)
  object space 141312K, 49% used [0x00000000a0000000,0x00000000a4444320,0x00000000a8a00000)
 Metaspace       used 76919K, capacity 79244K, committed 79408K, reserved 1118208K
  class space    used 10175K, capacity 10725K, committed 10800K, reserved 1048576K
Event: 254.957 GC heap after
Heap after GC invocations=21 (full 3):
 PSYoungGen      total 212480K, used 21547K [0x00000000e0000000, 0x00000000eec00000, 0x0000000100000000)
  eden space 187904K, 0% used [0x00000000e0000000,0x00000000e0000000,0x00000000eb780000)
  from space 24576K, 87% used [0x00000000ed180000,0x00000000ee68aed8,0x00000000ee980000)
  to   space 26624K, 0% used [0x00000000eb780000,0x00000000eb780000,0x00000000ed180000)
 ParOldGen       total 141312K, used 69912K [0x00000000a0000000, 0x00000000a8a00000, 0x00000000e0000000)
  object space 141312K, 49% used [0x00000000a0000000,0x00000000a4446320,0x00000000a8a00000)
 Metaspace       used 76919K, capacity 79244K, committed 79408K, reserved 1118208K
  class space    used 10175K, capacity 10725K, committed 10800K, reserved 1048576K
}
Event: 279.036 GC heap before
{Heap before GC invocations=22 (full 3):
 PSYoungGen      total 212480K, used 209451K [0x00000000e0000000, 0x00000000eec00000, 0x0000000100000000)
  eden space 187904K, 100% used [0x00000000e0000000,0x00000000eb780000,0x00000000eb780000)
  from space 24576K, 87% used [0x00000000ed180000,0x00000000ee68aed8,0x00000000ee980000)
  to   space 26624K, 0% used [0x00000000eb780000,0x00000000eb780000,0x00000000ed180000)
 ParOldGen       total 141312K, used 69912K [0x00000000a0000000, 0x00000000a8a00000, 0x00000000e0000000)
  object space 141312K, 49% used [0x00000000a0000000,0x00000000a4446320,0x00000000a8a00000)
 Metaspace       used 77614K, capacity 80196K, committed 80304K, reserved 1118208K
  class space    used 10267K, capacity 10889K, committed 10928K, reserved 1048576K
Event: 279.083 GC heap after
Heap after GC invocations=22 (full 3):
 PSYoungGen      total 214528K, used 16105K [0x00000000e0000000, 0x00000000efd00000, 0x0000000100000000)
  eden space 187904K, 0% used [0x00000000e0000000,0x00000000e0000000,0x00000000eb780000)
  from space 26624K, 60% used [0x00000000eb780000,0x00000000ec73a570,0x00000000ed180000)
  to   space 26624K, 0% used [0x00000000ee300000,0x00000000ee300000,0x00000000efd00000)
 ParOldGen       total 141312K, used 69920K [0x00000000a0000000, 0x00000000a8a00000, 0x00000000e0000000)
  object space 141312K, 49% used [0x00000000a0000000,0x00000000a4448320,0x00000000a8a00000)
 Metaspace       used 77614K, capacity 80196K, committed 80304K, reserved 1118208K
  class space    used 10267K, capacity 10889K, committed 10928K, reserved 1048576K
}
Event: 283.458 GC heap before
{Heap before GC invocations=23 (full 3):
 PSYoungGen      total 214528K, used 204009K [0x00000000e0000000, 0x00000000efd00000, 0x0000000100000000)
  eden space 187904K, 100% used [0x00000000e0000000,0x00000000eb780000,0x00000000eb780000)
  from space 26624K, 60% used [0x00000000eb780000,0x00000000ec73a570,0x00000000ed180000)
  to   space 26624K, 0% used [0x00000000ee300000,0x00000000ee300000,0x00000000efd00000)
 ParOldGen       total 141312K, used 69920K [0x00000000a0000000, 0x00000000a8a00000, 0x00000000e0000000)
  object space 141312K, 49% used [0x00000000a0000000,0x00000000a4448320,0x00000000a8a00000)
 Metaspace       used 77710K, capacity 80274K, committed 80560K, reserved 1118208K
  class space    used 10268K, capacity 10890K, committed 10928K, reserved 1048576K
Event: 283.549 GC heap after
Heap after GC invocations=23 (full 3):
 PSYoungGen      total 228864K, used 25225K [0x00000000e0000000, 0x00000000f0d00000, 0x0000000100000000)
  eden space 202240K, 0% used [0x00000000e0000000,0x00000000e0000000,0x00000000ec580000)
  from space 26624K, 94% used [0x00000000ee300000,0x00000000efba2570,0x00000000efd00000)
  to   space 30208K, 0% used [0x00000000ec580000,0x00000000ec580000,0x00000000ee300000)
 ParOldGen       total 141312K, used 69928K [0x00000000a0000000, 0x00000000a8a00000, 0x00000000e0000000)
  object space 141312K, 49% used [0x00000000a0000000,0x00000000a444a320,0x00000000a8a00000)
 Metaspace       used 77710K, capacity 80274K, committed 80560K, reserved 1118208K
  class space    used 10268K, capacity 10890K, committed 10928K, reserved 1048576K
}
Event: 284.086 GC heap before
{Heap before GC invocations=24 (full 3):
 PSYoungGen      total 228864K, used 227465K [0x00000000e0000000, 0x00000000f0d00000, 0x0000000100000000)
  eden space 202240K, 100% used [0x00000000e0000000,0x00000000ec580000,0x00000000ec580000)
  from space 26624K, 94% used [0x00000000ee300000,0x00000000efba2570,0x00000000efd00000)
  to   space 30208K, 0% used [0x00000000ec580000,0x00000000ec580000,0x00000000ee300000)
 ParOldGen       total 141312K, used 69928K [0x00000000a0000000, 0x00000000a8a00000, 0x00000000e0000000)
  object space 141312K, 49% used [0x00000000a0000000,0x00000000a444a320,0x00000000a8a00000)
 Metaspace       used 77775K, capacity 80306K, committed 80560K, reserved 1118208K
  class space    used 10279K, capacity 10898K, committed 10928K, reserved 1048576K
Event: 284.145 GC heap after
Heap after GC invocations=24 (full 3):
 PSYoungGen      total 232448K, used 25065K [0x00000000e0000000, 0x00000000f0d00000, 0x0000000100000000)
  eden space 202240K, 0% used [0x00000000e0000000,0x00000000e0000000,0x00000000ec580000)
  from space 30208K, 82% used [0x00000000ec580000,0x00000000eddfa570,0x00000000ee300000)
  to   space 26624K, 0% used [0x00000000ee300000,0x00000000ee300000,0x00000000efd00000)
 ParOldGen       total 141312K, used 69928K [0x00000000a0000000, 0x00000000a8a00000, 0x00000000e0000000)
  object space 141312K, 49% used [0x00000000a0000000,0x00000000a444a320,0x00000000a8a00000)
 Metaspace       used 77775K, capacity 80306K, committed 80560K, reserved 1118208K
  class space    used 10279K, capacity 10898K, committed 10928K, reserved 1048576K
}

