# JRE version: OpenJDK Runtime Environment (8.0_152-b06) (build 1.8.0_152-release-1136-b06)
# Java VM: OpenJDK 64-Bit Server VM (25.152-b06 mixed mode windows-amd64 compressed oops)
Heap:
 PSYoungGen      total 346112K, used 30078K [0x00000000e0000000, 0x00000000f6200000, 0x0000000100000000)
  eden space 331264K, 4% used [0x00000000e0000000,0x00000000e0ee3d38,0x00000000f4380000)
  from space 14848K, 99% used [0x00000000f4500000,0x00000000f537bd00,0x00000000f5380000)
  to   space 8192K, 0% used [0x00000000f5a00000,0x00000000f5a00000,0x00000000f6200000)
 ParOldGen       total 120320K, used 88678K [0x00000000a0000000, 0x00000000a7580000, 0x00000000e0000000)
  object space 120320K, 73% used [0x00000000a0000000,0x00000000a5699968,0x00000000a7580000)
 Metaspace       used 78226K, capacity 80528K, committed 80768K, reserved 1120256K
  class space    used 10232K, capacity 10810K, committed 10880K, reserved 1048576K
GC Heap History (10 events):
Event: 186.562 GC heap before
{Heap before GC invocations=18 (full 3):
 PSYoungGen      total 250880K, used 250877K [0x00000000e0000000, 0x00000000f0800000, 0x0000000100000000)
  eden space 236544K, 100% used [0x00000000e0000000,0x00000000ee700000,0x00000000ee700000)
  from space 14336K, 99% used [0x00000000ef780000,0x00000000f057f530,0x00000000f0580000)
  to   space 16896K, 0% used [0x00000000ee700000,0x00000000ee700000,0x00000000ef780000)
 ParOldGen       total 120320K, used 42197K [0x00000000a0000000, 0x00000000a7580000, 0x00000000e0000000)
  object space 120320K, 35% used [0x00000000a0000000,0x00000000a29357b0,0x00000000a7580000)
 Metaspace       used 67192K, capacity 69456K, committed 69632K, reserved 1110016K
  class space    used 8890K, capacity 9451K, committed 9472K, reserved 1048576K
Event: 186.630 GC heap after
Heap after GC invocations=18 (full 3):
 PSYoungGen      total 253440K, used 5691K [0x00000000e0000000, 0x00000000f3a80000, 0x0000000100000000)
  eden space 236544K, 0% used [0x00000000e0000000,0x00000000e0000000,0x00000000ee700000)
  from space 16896K, 33% used [0x00000000ee700000,0x00000000eec8eff8,0x00000000ef780000)
  to   space 16896K, 0% used [0x00000000f2a00000,0x00000000f2a00000,0x00000000f3a80000)
 ParOldGen       total 120320K, used 53556K [0x00000000a0000000, 0x00000000a7580000, 0x00000000e0000000)
  object space 120320K, 44% used [0x00000000a0000000,0x00000000a344d330,0x00000000a7580000)
 Metaspace       used 67192K, capacity 69456K, committed 69632K, reserved 1110016K
  class space    used 8890K, capacity 9451K, committed 9472K, reserved 1048576K
}
Event: 188.055 GC heap before
{Heap before GC invocations=19 (full 3):
 PSYoungGen      total 253440K, used 242235K [0x00000000e0000000, 0x00000000f3a80000, 0x0000000100000000)
  eden space 236544K, 100% used [0x00000000e0000000,0x00000000ee700000,0x00000000ee700000)
  from space 16896K, 33% used [0x00000000ee700000,0x00000000eec8eff8,0x00000000ef780000)
  to   space 16896K, 0% used [0x00000000f2a00000,0x00000000f2a00000,0x00000000f3a80000)
 ParOldGen       total 120320K, used 53556K [0x00000000a0000000, 0x00000000a7580000, 0x00000000e0000000)
  object space 120320K, 44% used [0x00000000a0000000,0x00000000a344d330,0x00000000a7580000)
 Metaspace       used 67218K, capacity 69456K, committed 69632K, reserved 1110016K
  class space    used 8890K, capacity 9451K, committed 9472K, reserved 1048576K
Event: 188.094 GC heap after
Heap after GC invocations=19 (full 3):
 PSYoungGen      total 305664K, used 7101K [0x00000000e0000000, 0x00000000f4980000, 0x0000000100000000)
  eden space 288768K, 0% used [0x00000000e0000000,0x00000000e0000000,0x00000000f1a00000)
  from space 16896K, 42% used [0x00000000f2a00000,0x00000000f30ef680,0x00000000f3a80000)
  to   space 16384K, 0% used [0x00000000f1a00000,0x00000000f1a00000,0x00000000f2a00000)
 ParOldGen       total 120320K, used 53564K [0x00000000a0000000, 0x00000000a7580000, 0x00000000e0000000)
  object space 120320K, 44% used [0x00000000a0000000,0x00000000a344f330,0x00000000a7580000)
 Metaspace       used 67218K, capacity 69456K, committed 69632K, reserved 1110016K
  class space    used 8890K, capacity 9451K, committed 9472K, reserved 1048576K
}
Event: 204.005 GC heap before
{Heap before GC invocations=20 (full 3):
 PSYoungGen      total 305664K, used 295869K [0x00000000e0000000, 0x00000000f4980000, 0x0000000100000000)
  eden space 288768K, 100% used [0x00000000e0000000,0x00000000f1a00000,0x00000000f1a00000)
  from space 16896K, 42% used [0x00000000f2a00000,0x00000000f30ef680,0x00000000f3a80000)
  to   space 16384K, 0% used [0x00000000f1a00000,0x00000000f1a00000,0x00000000f2a00000)
 ParOldGen       total 120320K, used 53564K [0x00000000a0000000, 0x00000000a7580000, 0x00000000e0000000)
  object space 120320K, 44% used [0x00000000a0000000,0x00000000a344f330,0x00000000a7580000)
 Metaspace       used 71121K, capacity 73434K, committed 73600K, reserved 1112064K
  class space    used 9414K, capacity 10002K, committed 10112K, reserved 1048576K
Event: 204.062 GC heap after
Heap after GC invocations=20 (full 3):
 PSYoungGen      total 305152K, used 8794K [0x00000000e0000000, 0x00000000f6980000, 0x0000000100000000)
  eden space 288768K, 0% used [0x00000000e0000000,0x00000000e0000000,0x00000000f1a00000)
  from space 16384K, 53% used [0x00000000f1a00000,0x00000000f2296a80,0x00000000f2a00000)
  to   space 15872K, 0% used [0x00000000f5a00000,0x00000000f5a00000,0x00000000f6980000)
 ParOldGen       total 120320K, used 53572K [0x00000000a0000000, 0x00000000a7580000, 0x00000000e0000000)
  object space 120320K, 44% used [0x00000000a0000000,0x00000000a3451330,0x00000000a7580000)
 Metaspace       used 71121K, capacity 73434K, committed 73600K, reserved 1112064K
  class space    used 9414K, capacity 10002K, committed 10112K, reserved 1048576K
}
Event: 376.338 GC heap before
{Heap before GC invocations=21 (full 3):
 PSYoungGen      total 305152K, used 297562K [0x00000000e0000000, 0x00000000f6980000, 0x0000000100000000)
  eden space 288768K, 100% used [0x00000000e0000000,0x00000000f1a00000,0x00000000f1a00000)
  from space 16384K, 53% used [0x00000000f1a00000,0x00000000f2296a80,0x00000000f2a00000)
  to   space 15872K, 0% used [0x00000000f5a00000,0x00000000f5a00000,0x00000000f6980000)
 ParOldGen       total 120320K, used 53572K [0x00000000a0000000, 0x00000000a7580000, 0x00000000e0000000)
  object space 120320K, 44% used [0x00000000a0000000,0x00000000a3451330,0x00000000a7580000)
 Metaspace       used 73512K, capacity 75824K, committed 76160K, reserved 1116160K
  class space    used 9695K, capacity 10266K, committed 10368K, reserved 1048576K
Event: 376.443 GC heap after
Heap after GC invocations=21 (full 3):
 PSYoungGen      total 339456K, used 7929K [0x00000000e0000000, 0x00000000f6200000, 0x0000000100000000)
  eden space 331264K, 0% used [0x00000000e0000000,0x00000000e0000000,0x00000000f4380000)
  from space 8192K, 96% used [0x00000000f5a00000,0x00000000f61be548,0x00000000f6200000)
  to   space 14848K, 0% used [0x00000000f4500000,0x00000000f4500000,0x00000000f5380000)
 ParOldGen       total 120320K, used 53580K [0x00000000a0000000, 0x00000000a7580000, 0x00000000e0000000)
  object space 120320K, 44% used [0x00000000a0000000,0x00000000a3453330,0x00000000a7580000)
 Metaspace       used 73512K, capacity 75824K, committed 76160K, reserved 1116160K
  class space    used 9695K, capacity 10266K, committed 10368K, reserved 1048576K
}
Event: 398.917 GC heap before
{Heap before GC invocations=22 (full 3):
 PSYoungGen      total 339456K, used 339193K [0x00000000e0000000, 0x00000000f6200000, 0x0000000100000000)
  eden space 331264K, 100% used [0x00000000e0000000,0x00000000f4380000,0x00000000f4380000)
  from space 8192K, 96% used [0x00000000f5a00000,0x00000000f61be548,0x00000000f6200000)
  to   space 14848K, 0% used [0x00000000f4500000,0x00000000f4500000,0x00000000f5380000)
 ParOldGen       total 120320K, used 53580K [0x00000000a0000000, 0x00000000a7580000, 0x00000000e0000000)
  object space 120320K, 44% used [0x00000000a0000000,0x00000000a3453330,0x00000000a7580000)
 Metaspace       used 77954K, capacity 80272K, committed 80512K, reserved 1118208K
  class space    used 10216K, capacity 10810K, committed 10880K, reserved 1048576K
Event: 399.099 GC heap after
Heap after GC invocations=22 (full 3):
 PSYoungGen      total 346112K, used 14831K [0x00000000e0000000, 0x00000000f6200000, 0x0000000100000000)
  eden space 331264K, 0% used [0x00000000e0000000,0x00000000e0000000,0x00000000f4380000)
  from space 14848K, 99% used [0x00000000f4500000,0x00000000f537bd00,0x00000000f5380000)
  to   space 8192K, 0% used [0x00000000f5a00000,0x00000000f5a00000,0x00000000f6200000)
 ParOldGen       total 120320K, used 88678K [0x00000000a0000000, 0x00000000a7580000, 0x00000000e0000000)
  object space 120320K, 73% used [0x00000000a0000000,0x00000000a5699968,0x00000000a7580000)
 Metaspace       used 77954K, capacity 80272K, committed 80512K, reserved 1118208K
  class space    used 10216K, capacity 10810K, committed 10880K, reserved 1048576K
}

