# JRE version: OpenJDK Runtime Environment (8.0_152-b02) (build 1.8.0_152-release-1024-b02)
# Java VM: OpenJDK 64-Bit Server VM (25.152-b02 mixed mode windows-amd64 compressed oops)
Heap:
 PSYoungGen      total 194560K, used 160638K [0x00000000e0000000, 0x00000000f1b00000, 0x0000000100000000)
  eden space 110080K, 90% used [0x00000000e0000000,0x00000000e6191d00,0x00000000e6b80000)
  from space 84480K, 71% used [0x00000000e6b80000,0x00000000ea6cdcc0,0x00000000ebe00000)
  to   space 73728K, 0% used [0x00000000ebe00000,0x00000000ebe00000,0x00000000f0600000)
 ParOldGen       total 158208K, used 102432K [0x00000000a0000000, 0x00000000a9a80000, 0x00000000e0000000)
  object space 158208K, 64% used [0x00000000a0000000,0x00000000a64082d0,0x00000000a9a80000)
 Metaspace       used 113531K, capacity 117842K, committed 118232K, reserved 1153024K
  class space    used 14271K, capacity 15219K, committed 15360K, reserved 1048576K
GC Heap History (10 events):
Event: 3100.687 GC heap before
{Heap before GC invocations=121 (full 40):
 PSYoungGen      total 183808K, used 182430K [0x00000000e0000000, 0x00000000f1b00000, 0x0000000100000000)
  eden space 110080K, 99% used [0x00000000e0000000,0x00000000e6b5d400,0x00000000e6b80000)
  from space 73728K, 98% used [0x00000000ebe00000,0x00000000f04ca7a0,0x00000000f0600000)
  to   space 84480K, 0% used [0x00000000e6b80000,0x00000000e6b80000,0x00000000ebe00000)
 ParOldGen       total 158208K, used 102432K [0x00000000a0000000, 0x00000000a9a80000, 0x00000000e0000000)
  object space 158208K, 64% used [0x00000000a0000000,0x00000000a64082d0,0x00000000a9a80000)
 Metaspace       used 113383K, capacity 117752K, committed 118232K, reserved 1153024K
  class space    used 14251K, capacity 15214K, committed 15360K, reserved 1048576K
Event: 3100.721 GC heap after
Heap after GC invocations=121 (full 40):
 PSYoungGen      total 194560K, used 64263K [0x00000000e0000000, 0x00000000f1b00000, 0x0000000100000000)
  eden space 110080K, 0% used [0x00000000e0000000,0x00000000e0000000,0x00000000e6b80000)
  from space 84480K, 76% used [0x00000000e6b80000,0x00000000eaa41cb0,0x00000000ebe00000)
  to   space 73728K, 0% used [0x00000000ebe00000,0x00000000ebe00000,0x00000000f0600000)
 ParOldGen       total 158208K, used 102432K [0x00000000a0000000, 0x00000000a9a80000, 0x00000000e0000000)
  object space 158208K, 64% used [0x00000000a0000000,0x00000000a64082d0,0x00000000a9a80000)
 Metaspace       used 113383K, capacity 117752K, committed 118232K, reserved 1153024K
  class space    used 14251K, capacity 15214K, committed 15360K, reserved 1048576K
}
Event: 3100.818 GC heap before
{Heap before GC invocations=122 (full 40):
 PSYoungGen      total 194560K, used 173460K [0x00000000e0000000, 0x00000000f1b00000, 0x0000000100000000)
  eden space 110080K, 99% used [0x00000000e0000000,0x00000000e6aa36c8,0x00000000e6b80000)
  from space 84480K, 76% used [0x00000000e6b80000,0x00000000eaa41cb0,0x00000000ebe00000)
  to   space 73728K, 0% used [0x00000000ebe00000,0x00000000ebe00000,0x00000000f0600000)
 ParOldGen       total 158208K, used 102432K [0x00000000a0000000, 0x00000000a9a80000, 0x00000000e0000000)
  object space 158208K, 64% used [0x00000000a0000000,0x00000000a64082d0,0x00000000a9a80000)
 Metaspace       used 113383K, capacity 117752K, committed 118232K, reserved 1153024K
  class space    used 14251K, capacity 15214K, committed 15360K, reserved 1048576K
Event: 3100.907 GC heap after
Heap after GC invocations=122 (full 40):
 PSYoungGen      total 183808K, used 64197K [0x00000000e0000000, 0x00000000f1b00000, 0x0000000100000000)
  eden space 110080K, 0% used [0x00000000e0000000,0x00000000e0000000,0x00000000e6b80000)
  from space 73728K, 87% used [0x00000000ebe00000,0x00000000efcb17d0,0x00000000f0600000)
  to   space 84480K, 0% used [0x00000000e6b80000,0x00000000e6b80000,0x00000000ebe00000)
 ParOldGen       total 158208K, used 102432K [0x00000000a0000000, 0x00000000a9a80000, 0x00000000e0000000)
  object space 158208K, 64% used [0x00000000a0000000,0x00000000a64082d0,0x00000000a9a80000)
 Metaspace       used 113383K, capacity 117752K, committed 118232K, reserved 1153024K
  class space    used 14251K, capacity 15214K, committed 15360K, reserved 1048576K
}
Event: 3100.952 GC heap before
{Heap before GC invocations=123 (full 40):
 PSYoungGen      total 183808K, used 173575K [0x00000000e0000000, 0x00000000f1b00000, 0x0000000100000000)
  eden space 110080K, 99% used [0x00000000e0000000,0x00000000e6ad0688,0x00000000e6b80000)
  from space 73728K, 87% used [0x00000000ebe00000,0x00000000efcb17d0,0x00000000f0600000)
  to   space 84480K, 0% used [0x00000000e6b80000,0x00000000e6b80000,0x00000000ebe00000)
 ParOldGen       total 158208K, used 102432K [0x00000000a0000000, 0x00000000a9a80000, 0x00000000e0000000)
  object space 158208K, 64% used [0x00000000a0000000,0x00000000a64082d0,0x00000000a9a80000)
 Metaspace       used 113384K, capacity 117752K, committed 118232K, reserved 1153024K
  class space    used 14251K, capacity 15214K, committed 15360K, reserved 1048576K
Event: 3101.059 GC heap after
Heap after GC invocations=123 (full 40):
 PSYoungGen      total 194560K, used 61260K [0x00000000e0000000, 0x00000000f1b00000, 0x0000000100000000)
  eden space 110080K, 0% used [0x00000000e0000000,0x00000000e0000000,0x00000000e6b80000)
  from space 84480K, 72% used [0x00000000e6b80000,0x00000000ea753248,0x00000000ebe00000)
  to   space 73728K, 0% used [0x00000000ebe00000,0x00000000ebe00000,0x00000000f0600000)
 ParOldGen       total 158208K, used 102432K [0x00000000a0000000, 0x00000000a9a80000, 0x00000000e0000000)
  object space 158208K, 64% used [0x00000000a0000000,0x00000000a64082d0,0x00000000a9a80000)
 Metaspace       used 113384K, capacity 117752K, committed 118232K, reserved 1153024K
  class space    used 14251K, capacity 15214K, committed 15360K, reserved 1048576K
}
Event: 3101.094 GC heap before
{Heap before GC invocations=124 (full 40):
 PSYoungGen      total 194560K, used 170753K [0x00000000e0000000, 0x00000000f1b00000, 0x0000000100000000)
  eden space 110080K, 99% used [0x00000000e0000000,0x00000000e6aed548,0x00000000e6b80000)
  from space 84480K, 72% used [0x00000000e6b80000,0x00000000ea753248,0x00000000ebe00000)
  to   space 73728K, 0% used [0x00000000ebe00000,0x00000000ebe00000,0x00000000f0600000)
 ParOldGen       total 158208K, used 102432K [0x00000000a0000000, 0x00000000a9a80000, 0x00000000e0000000)
  object space 158208K, 64% used [0x00000000a0000000,0x00000000a64082d0,0x00000000a9a80000)
 Metaspace       used 113384K, capacity 117752K, committed 118232K, reserved 1153024K
  class space    used 14251K, capacity 15214K, committed 15360K, reserved 1048576K
Event: 3101.262 GC heap after
Heap after GC invocations=124 (full 40):
 PSYoungGen      total 183808K, used 61212K [0x00000000e0000000, 0x00000000f1b00000, 0x0000000100000000)
  eden space 110080K, 0% used [0x00000000e0000000,0x00000000e0000000,0x00000000e6b80000)
  from space 73728K, 83% used [0x00000000ebe00000,0x00000000ef9c7258,0x00000000f0600000)
  to   space 84480K, 0% used [0x00000000e6b80000,0x00000000e6b80000,0x00000000ebe00000)
 ParOldGen       total 158208K, used 102432K [0x00000000a0000000, 0x00000000a9a80000, 0x00000000e0000000)
  object space 158208K, 64% used [0x00000000a0000000,0x00000000a64082d0,0x00000000a9a80000)
 Metaspace       used 113384K, capacity 117752K, committed 118232K, reserved 1153024K
  class space    used 14251K, capacity 15214K, committed 15360K, reserved 1048576K
}
Event: 3101.295 GC heap before
{Heap before GC invocations=125 (full 40):
 PSYoungGen      total 183808K, used 170780K [0x00000000e0000000, 0x00000000f1b00000, 0x0000000100000000)
  eden space 110080K, 99% used [0x00000000e0000000,0x00000000e6affec8,0x00000000e6b80000)
  from space 73728K, 83% used [0x00000000ebe00000,0x00000000ef9c7258,0x00000000f0600000)
  to   space 84480K, 0% used [0x00000000e6b80000,0x00000000e6b80000,0x00000000ebe00000)
 ParOldGen       total 158208K, used 102432K [0x00000000a0000000, 0x00000000a9a80000, 0x00000000e0000000)
  object space 158208K, 64% used [0x00000000a0000000,0x00000000a64082d0,0x00000000a9a80000)
 Metaspace       used 113384K, capacity 117752K, committed 118232K, reserved 1153024K
  class space    used 14251K, capacity 15214K, committed 15360K, reserved 1048576K
Event: 3101.338 GC heap after
Heap after GC invocations=125 (full 40):
 PSYoungGen      total 194560K, used 60727K [0x00000000e0000000, 0x00000000f1b00000, 0x0000000100000000)
  eden space 110080K, 0% used [0x00000000e0000000,0x00000000e0000000,0x00000000e6b80000)
  from space 84480K, 71% used [0x00000000e6b80000,0x00000000ea6cdcc0,0x00000000ebe00000)
  to   space 73728K, 0% used [0x00000000ebe00000,0x00000000ebe00000,0x00000000f0600000)
 ParOldGen       total 158208K, used 102432K [0x00000000a0000000, 0x00000000a9a80000, 0x00000000e0000000)
  object space 158208K, 64% used [0x00000000a0000000,0x00000000a64082d0,0x00000000a9a80000)
 Metaspace       used 113384K, capacity 117752K, committed 118232K, reserved 1153024K
  class space    used 14251K, capacity 15214K, committed 15360K, reserved 1048576K
}

