# JRE version: OpenJDK Runtime Environment (8.0_152-b06) (build 1.8.0_152-release-1136-b06)
# Java VM: OpenJDK 64-Bit Server VM (25.152-b06 mixed mode windows-amd64 compressed oops)
Heap:
 PSYoungGen      total 38400K, used 14361K [0x00000000e0000000, 0x00000000e2a80000, 0x0000000100000000)
  eden space 33280K, 27% used [0x00000000e0000000,0x00000000e0909f70,0x00000000e2080000)
  from space 5120K, 99% used [0x00000000e2580000,0x00000000e2a7c658,0x00000000e2a80000)
  to   space 5120K, 0% used [0x00000000e2080000,0x00000000e2080000,0x00000000e2580000)
 ParOldGen       total 49664K, used 8084K [0x00000000a0000000, 0x00000000a3080000, 0x00000000e0000000)
  object space 49664K, 16% used [0x00000000a0000000,0x00000000a07e5370,0x00000000a3080000)
 Metaspace       used 24375K, capacity 24740K, committed 25088K, reserved 1073152K
  class space    used 3088K, capacity 3226K, committed 3328K, reserved 1048576K
GC Heap History (10 events):
Event: 6.366 GC heap before
{Heap before GC invocations=2 (full 1):
 PSYoungGen      total 38400K, used 3012K [0x00000000e0000000, 0x00000000e2a80000, 0x0000000100000000)
  eden space 33280K, 0% used [0x00000000e0000000,0x00000000e0000000,0x00000000e2080000)
  from space 5120K, 58% used [0x00000000e2080000,0x00000000e2371298,0x00000000e2580000)
  to   space 5120K, 0% used [0x00000000e2580000,0x00000000e2580000,0x00000000e2a80000)
 ParOldGen       total 87552K, used 8K [0x00000000a0000000, 0x00000000a5580000, 0x00000000e0000000)
  object space 87552K, 0% used [0x00000000a0000000,0x00000000a0002000,0x00000000a5580000)
 Metaspace       used 9396K, capacity 9576K, committed 9856K, reserved 1058816K
  class space    used 1008K, capacity 1088K, committed 1152K, reserved 1048576K
Event: 6.418 GC heap after
Heap after GC invocations=2 (full 1):
 PSYoungGen      total 38400K, used 0K [0x00000000e0000000, 0x00000000e2a80000, 0x0000000100000000)
  eden space 33280K, 0% used [0x00000000e0000000,0x00000000e0000000,0x00000000e2080000)
  from space 5120K, 0% used [0x00000000e2080000,0x00000000e2080000,0x00000000e2580000)
  to   space 5120K, 0% used [0x00000000e2580000,0x00000000e2580000,0x00000000e2a80000)
 ParOldGen       total 87552K, used 2859K [0x00000000a0000000, 0x00000000a5580000, 0x00000000e0000000)
  object space 87552K, 3% used [0x00000000a0000000,0x00000000a02cae88,0x00000000a5580000)
 Metaspace       used 9396K, capacity 9576K, committed 9856K, reserved 1058816K
  class space    used 1008K, capacity 1088K, committed 1152K, reserved 1048576K
}
Event: 9.113 GC heap before
{Heap before GC invocations=3 (full 1):
 PSYoungGen      total 38400K, used 33280K [0x00000000e0000000, 0x00000000e2a80000, 0x0000000100000000)
  eden space 33280K, 100% used [0x00000000e0000000,0x00000000e2080000,0x00000000e2080000)
  from space 5120K, 0% used [0x00000000e2080000,0x00000000e2080000,0x00000000e2580000)
  to   space 5120K, 0% used [0x00000000e2580000,0x00000000e2580000,0x00000000e2a80000)
 ParOldGen       total 87552K, used 2859K [0x00000000a0000000, 0x00000000a5580000, 0x00000000e0000000)
  object space 87552K, 3% used [0x00000000a0000000,0x00000000a02cae88,0x00000000a5580000)
 Metaspace       used 14264K, capacity 14520K, committed 14592K, reserved 1062912K
  class space    used 1644K, capacity 1726K, committed 1792K, reserved 1048576K
Event: 9.130 GC heap after
Heap after GC invocations=3 (full 1):
 PSYoungGen      total 38400K, used 5105K [0x00000000e0000000, 0x00000000e2a80000, 0x0000000100000000)
  eden space 33280K, 0% used [0x00000000e0000000,0x00000000e0000000,0x00000000e2080000)
  from space 5120K, 99% used [0x00000000e2580000,0x00000000e2a7c5d0,0x00000000e2a80000)
  to   space 5120K, 0% used [0x00000000e2080000,0x00000000e2080000,0x00000000e2580000)
 ParOldGen       total 87552K, used 5165K [0x00000000a0000000, 0x00000000a5580000, 0x00000000e0000000)
  object space 87552K, 5% used [0x00000000a0000000,0x00000000a050b668,0x00000000a5580000)
 Metaspace       used 14264K, capacity 14520K, committed 14592K, reserved 1062912K
  class space    used 1644K, capacity 1726K, committed 1792K, reserved 1048576K
}
Event: 9.371 GC heap before
{Heap before GC invocations=4 (full 1):
 PSYoungGen      total 38400K, used 10768K [0x00000000e0000000, 0x00000000e2a80000, 0x0000000100000000)
  eden space 33280K, 17% used [0x00000000e0000000,0x00000000e0587da8,0x00000000e2080000)
  from space 5120K, 99% used [0x00000000e2580000,0x00000000e2a7c5d0,0x00000000e2a80000)
  to   space 5120K, 0% used [0x00000000e2080000,0x00000000e2080000,0x00000000e2580000)
 ParOldGen       total 87552K, used 5165K [0x00000000a0000000, 0x00000000a5580000, 0x00000000e0000000)
  object space 87552K, 5% used [0x00000000a0000000,0x00000000a050b668,0x00000000a5580000)
 Metaspace       used 14741K, capacity 15032K, committed 15104K, reserved 1064960K
  class space    used 1700K, capacity 1774K, committed 1792K, reserved 1048576K
Event: 9.415 GC heap after
Heap after GC invocations=4 (full 1):
 PSYoungGen      total 38400K, used 4153K [0x00000000e0000000, 0x00000000e2a80000, 0x0000000100000000)
  eden space 33280K, 0% used [0x00000000e0000000,0x00000000e0000000,0x00000000e2080000)
  from space 5120K, 81% used [0x00000000e2080000,0x00000000e248e550,0x00000000e2580000)
  to   space 5120K, 0% used [0x00000000e2580000,0x00000000e2580000,0x00000000e2a80000)
 ParOldGen       total 87552K, used 5165K [0x00000000a0000000, 0x00000000a5580000, 0x00000000e0000000)
  object space 87552K, 5% used [0x00000000a0000000,0x00000000a050b668,0x00000000a5580000)
 Metaspace       used 14741K, capacity 15032K, committed 15104K, reserved 1064960K
  class space    used 1700K, capacity 1774K, committed 1792K, reserved 1048576K
}
Event: 9.415 GC heap before
{Heap before GC invocations=5 (full 2):
 PSYoungGen      total 38400K, used 4153K [0x00000000e0000000, 0x00000000e2a80000, 0x0000000100000000)
  eden space 33280K, 0% used [0x00000000e0000000,0x00000000e0000000,0x00000000e2080000)
  from space 5120K, 81% used [0x00000000e2080000,0x00000000e248e550,0x00000000e2580000)
  to   space 5120K, 0% used [0x00000000e2580000,0x00000000e2580000,0x00000000e2a80000)
 ParOldGen       total 87552K, used 5165K [0x00000000a0000000, 0x00000000a5580000, 0x00000000e0000000)
  object space 87552K, 5% used [0x00000000a0000000,0x00000000a050b668,0x00000000a5580000)
 Metaspace       used 14741K, capacity 15032K, committed 15104K, reserved 1064960K
  class space    used 1700K, capacity 1774K, committed 1792K, reserved 1048576K
Event: 9.489 GC heap after
Heap after GC invocations=5 (full 2):
 PSYoungGen      total 38400K, used 0K [0x00000000e0000000, 0x00000000e2a80000, 0x0000000100000000)
  eden space 33280K, 0% used [0x00000000e0000000,0x00000000e0000000,0x00000000e2080000)
  from space 5120K, 0% used [0x00000000e2080000,0x00000000e2080000,0x00000000e2580000)
  to   space 5120K, 0% used [0x00000000e2580000,0x00000000e2580000,0x00000000e2a80000)
 ParOldGen       total 49664K, used 5624K [0x00000000a0000000, 0x00000000a3080000, 0x00000000e0000000)
  object space 49664K, 11% used [0x00000000a0000000,0x00000000a057e228,0x00000000a3080000)
 Metaspace       used 14741K, capacity 15032K, committed 15104K, reserved 1064960K
  class space    used 1700K, capacity 1774K, committed 1792K, reserved 1048576K
}
Event: 11.563 GC heap before
{Heap before GC invocations=6 (full 2):
 PSYoungGen      total 38400K, used 33280K [0x00000000e0000000, 0x00000000e2a80000, 0x0000000100000000)
  eden space 33280K, 100% used [0x00000000e0000000,0x00000000e2080000,0x00000000e2080000)
  from space 5120K, 0% used [0x00000000e2080000,0x00000000e2080000,0x00000000e2580000)
  to   space 5120K, 0% used [0x00000000e2580000,0x00000000e2580000,0x00000000e2a80000)
 ParOldGen       total 49664K, used 5624K [0x00000000a0000000, 0x00000000a3080000, 0x00000000e0000000)
  object space 49664K, 11% used [0x00000000a0000000,0x00000000a057e228,0x00000000a3080000)
 Metaspace       used 22422K, capacity 22778K, committed 23296K, reserved 1071104K
  class space    used 2825K, capacity 2929K, committed 3072K, reserved 1048576K
Event: 11.575 GC heap after
Heap after GC invocations=6 (full 2):
 PSYoungGen      total 38400K, used 5105K [0x00000000e0000000, 0x00000000e2a80000, 0x0000000100000000)
  eden space 33280K, 0% used [0x00000000e0000000,0x00000000e0000000,0x00000000e2080000)
  from space 5120K, 99% used [0x00000000e2580000,0x00000000e2a7c658,0x00000000e2a80000)
  to   space 5120K, 0% used [0x00000000e2080000,0x00000000e2080000,0x00000000e2580000)
 ParOldGen       total 49664K, used 8084K [0x00000000a0000000, 0x00000000a3080000, 0x00000000e0000000)
  object space 49664K, 16% used [0x00000000a0000000,0x00000000a07e5370,0x00000000a3080000)
 Metaspace       used 22422K, capacity 22778K, committed 23296K, reserved 1071104K
  class space    used 2825K, capacity 2929K, committed 3072K, reserved 1048576K
}

