# JRE version: OpenJDK Runtime Environment (8.0_152-b06) (build 1.8.0_152-release-1136-b06)
# Java VM: OpenJDK 64-Bit Server VM (25.152-b06 mixed mode windows-amd64 compressed oops)
Heap:
 PSYoungGen      total 301568K, used 236637K [0x00000000e0000000, 0x00000000f8a00000, 0x0000000100000000)
  eden space 281088K, 76% used [0x00000000e0000000,0x00000000ed31f2c0,0x00000000f1280000)
  from space 20480K, 99% used [0x00000000f1280000,0x00000000f2678440,0x00000000f2680000)
  to   space 24064K, 0% used [0x00000000f7280000,0x00000000f7280000,0x00000000f8a00000)
 ParOldGen       total 114688K, used 40949K [0x00000000a0000000, 0x00000000a7000000, 0x00000000e0000000)
  object space 114688K, 35% used [0x00000000a0000000,0x00000000a27fd4f8,0x00000000a7000000)
 Metaspace       used 72863K, capacity 75056K, committed 75264K, reserved 1114112K
  class space    used 9615K, capacity 10178K, committed 10240K, reserved 1048576K
GC Heap History (10 events):
Event: 33.527 GC heap before
{Heap before GC invocations=10 (full 2):
 PSYoungGen      total 140800K, used 130560K [0x00000000e0000000, 0x00000000ef900000, 0x0000000100000000)
  eden space 130560K, 100% used [0x00000000e0000000,0x00000000e7f80000,0x00000000e7f80000)
  from space 10240K, 0% used [0x00000000e7f80000,0x00000000e7f80000,0x00000000e8980000)
  to   space 12800K, 0% used [0x00000000eec80000,0x00000000eec80000,0x00000000ef900000)
 ParOldGen       total 75776K, used 19431K [0x00000000a0000000, 0x00000000a4a00000, 0x00000000e0000000)
  object space 75776K, 25% used [0x00000000a0000000,0x00000000a12f9fb0,0x00000000a4a00000)
 Metaspace       used 42535K, capacity 43552K, committed 43776K, reserved 1087488K
  class space    used 5715K, capacity 6055K, committed 6144K, reserved 1048576K
Event: 33.600 GC heap after
Heap after GC invocations=10 (full 2):
 PSYoungGen      total 224256K, used 12776K [0x00000000e0000000, 0x00000000ef900000, 0x0000000100000000)
  eden space 211456K, 0% used [0x00000000e0000000,0x00000000e0000000,0x00000000ece80000)
  from space 12800K, 99% used [0x00000000eec80000,0x00000000ef8fa3c0,0x00000000ef900000)
  to   space 15872K, 0% used [0x00000000eda00000,0x00000000eda00000,0x00000000ee980000)
 ParOldGen       total 75776K, used 22101K [0x00000000a0000000, 0x00000000a4a00000, 0x00000000e0000000)
  object space 75776K, 29% used [0x00000000a0000000,0x00000000a1595718,0x00000000a4a00000)
 Metaspace       used 42535K, capacity 43552K, committed 43776K, reserved 1087488K
  class space    used 5715K, capacity 6055K, committed 6144K, reserved 1048576K
}
Event: 47.620 GC heap before
{Heap before GC invocations=11 (full 2):
 PSYoungGen      total 224256K, used 224232K [0x00000000e0000000, 0x00000000ef900000, 0x0000000100000000)
  eden space 211456K, 100% used [0x00000000e0000000,0x00000000ece80000,0x00000000ece80000)
  from space 12800K, 99% used [0x00000000eec80000,0x00000000ef8fa3c0,0x00000000ef900000)
  to   space 15872K, 0% used [0x00000000eda00000,0x00000000eda00000,0x00000000ee980000)
 ParOldGen       total 75776K, used 22101K [0x00000000a0000000, 0x00000000a4a00000, 0x00000000e0000000)
  object space 75776K, 29% used [0x00000000a0000000,0x00000000a1595718,0x00000000a4a00000)
 Metaspace       used 48992K, capacity 50092K, committed 50176K, reserved 1093632K
  class space    used 6541K, capacity 6887K, committed 6912K, reserved 1048576K
Event: 47.666 GC heap after
Heap after GC invocations=11 (full 2):
 PSYoungGen      total 239104K, used 15842K [0x00000000e0000000, 0x00000000f3900000, 0x0000000100000000)
  eden space 223232K, 0% used [0x00000000e0000000,0x00000000e0000000,0x00000000eda00000)
  from space 15872K, 99% used [0x00000000eda00000,0x00000000ee978ba8,0x00000000ee980000)
  to   space 18944K, 0% used [0x00000000f2680000,0x00000000f2680000,0x00000000f3900000)
 ParOldGen       total 75776K, used 24333K [0x00000000a0000000, 0x00000000a4a00000, 0x00000000e0000000)
  object space 75776K, 32% used [0x00000000a0000000,0x00000000a17c36a0,0x00000000a4a00000)
 Metaspace       used 48992K, capacity 50092K, committed 50176K, reserved 1093632K
  class space    used 6541K, capacity 6887K, committed 6912K, reserved 1048576K
}
Event: 62.513 GC heap before
{Heap before GC invocations=12 (full 2):
 PSYoungGen      total 239104K, used 214988K [0x00000000e0000000, 0x00000000f3900000, 0x0000000100000000)
  eden space 223232K, 89% used [0x00000000e0000000,0x00000000ec27a500,0x00000000eda00000)
  from space 15872K, 99% used [0x00000000eda00000,0x00000000ee978ba8,0x00000000ee980000)
  to   space 18944K, 0% used [0x00000000f2680000,0x00000000f2680000,0x00000000f3900000)
 ParOldGen       total 75776K, used 24333K [0x00000000a0000000, 0x00000000a4a00000, 0x00000000e0000000)
  object space 75776K, 32% used [0x00000000a0000000,0x00000000a17c36a0,0x00000000a4a00000)
 Metaspace       used 57114K, capacity 58972K, committed 59008K, reserved 1099776K
  class space    used 7783K, capacity 8288K, committed 8320K, reserved 1048576K
Event: 62.582 GC heap after
Heap after GC invocations=12 (full 2):
 PSYoungGen      total 300032K, used 16929K [0x00000000e0000000, 0x00000000f4500000, 0x0000000100000000)
  eden space 281088K, 0% used [0x00000000e0000000,0x00000000e0000000,0x00000000f1280000)
  from space 18944K, 89% used [0x00000000f2680000,0x00000000f3708430,0x00000000f3900000)
  to   space 20480K, 0% used [0x00000000f1280000,0x00000000f1280000,0x00000000f2680000)
 ParOldGen       total 75776K, used 34165K [0x00000000a0000000, 0x00000000a4a00000, 0x00000000e0000000)
  object space 75776K, 45% used [0x00000000a0000000,0x00000000a215d5e8,0x00000000a4a00000)
 Metaspace       used 57114K, capacity 58972K, committed 59008K, reserved 1099776K
  class space    used 7783K, capacity 8288K, committed 8320K, reserved 1048576K
}
Event: 62.582 GC heap before
{Heap before GC invocations=13 (full 3):
 PSYoungGen      total 300032K, used 16929K [0x00000000e0000000, 0x00000000f4500000, 0x0000000100000000)
  eden space 281088K, 0% used [0x00000000e0000000,0x00000000e0000000,0x00000000f1280000)
  from space 18944K, 89% used [0x00000000f2680000,0x00000000f3708430,0x00000000f3900000)
  to   space 20480K, 0% used [0x00000000f1280000,0x00000000f1280000,0x00000000f2680000)
 ParOldGen       total 75776K, used 34165K [0x00000000a0000000, 0x00000000a4a00000, 0x00000000e0000000)
  object space 75776K, 45% used [0x00000000a0000000,0x00000000a215d5e8,0x00000000a4a00000)
 Metaspace       used 57114K, capacity 58972K, committed 59008K, reserved 1099776K
  class space    used 7783K, capacity 8288K, committed 8320K, reserved 1048576K
Event: 63.047 GC heap after
Heap after GC invocations=13 (full 3):
 PSYoungGen      total 300032K, used 0K [0x00000000e0000000, 0x00000000f4500000, 0x0000000100000000)
  eden space 281088K, 0% used [0x00000000e0000000,0x00000000e0000000,0x00000000f1280000)
  from space 18944K, 0% used [0x00000000f2680000,0x00000000f2680000,0x00000000f3900000)
  to   space 20480K, 0% used [0x00000000f1280000,0x00000000f1280000,0x00000000f2680000)
 ParOldGen       total 114688K, used 39833K [0x00000000a0000000, 0x00000000a7000000, 0x00000000e0000000)
  object space 114688K, 34% used [0x00000000a0000000,0x00000000a26e6408,0x00000000a7000000)
 Metaspace       used 57114K, capacity 58972K, committed 59008K, reserved 1099776K
  class space    used 7783K, capacity 8288K, committed 8320K, reserved 1048576K
}
Event: 124.621 GC heap before
{Heap before GC invocations=14 (full 3):
 PSYoungGen      total 300032K, used 281088K [0x00000000e0000000, 0x00000000f4500000, 0x0000000100000000)
  eden space 281088K, 100% used [0x00000000e0000000,0x00000000f1280000,0x00000000f1280000)
  from space 18944K, 0% used [0x00000000f2680000,0x00000000f2680000,0x00000000f3900000)
  to   space 20480K, 0% used [0x00000000f1280000,0x00000000f1280000,0x00000000f2680000)
 ParOldGen       total 114688K, used 39833K [0x00000000a0000000, 0x00000000a7000000, 0x00000000e0000000)
  object space 114688K, 34% used [0x00000000a0000000,0x00000000a26e6408,0x00000000a7000000)
 Metaspace       used 67762K, capacity 69968K, committed 70144K, reserved 1110016K
  class space    used 9146K, capacity 9698K, committed 9728K, reserved 1048576K
Event: 124.689 GC heap after
Heap after GC invocations=14 (full 3):
 PSYoungGen      total 301568K, used 20449K [0x00000000e0000000, 0x00000000f8a00000, 0x0000000100000000)
  eden space 281088K, 0% used [0x00000000e0000000,0x00000000e0000000,0x00000000f1280000)
  from space 20480K, 99% used [0x00000000f1280000,0x00000000f2678440,0x00000000f2680000)
  to   space 24064K, 0% used [0x00000000f7280000,0x00000000f7280000,0x00000000f8a00000)
 ParOldGen       total 114688K, used 40949K [0x00000000a0000000, 0x00000000a7000000, 0x00000000e0000000)
  object space 114688K, 35% used [0x00000000a0000000,0x00000000a27fd4f8,0x00000000a7000000)
 Metaspace       used 67762K, capacity 69968K, committed 70144K, reserved 1110016K
  class space    used 9146K, capacity 9698K, committed 9728K, reserved 1048576K
}

