# JRE version: OpenJDK Runtime Environment (8.0_152-b06) (build 1.8.0_152-release-1136-b06)
# Java VM: OpenJDK 64-Bit Server VM (25.152-b06 mixed mode windows-amd64 compressed oops)
Heap:
 PSYoungGen      total 327168K, used 181550K [0x00000000e0000000, 0x00000000fa580000, 0x0000000100000000)
  eden space 279552K, 51% used [0x00000000e0000000,0x00000000e8b5eda8,0x00000000f1100000)
  from space 47616K, 81% used [0x00000000f1100000,0x00000000f36ecca8,0x00000000f3f80000)
  to   space 51712K, 0% used [0x00000000f7300000,0x00000000f7300000,0x00000000fa580000)
 ParOldGen       total 138752K, used 82810K [0x00000000a0000000, 0x00000000a8780000, 0x00000000e0000000)
  object space 138752K, 59% used [0x00000000a0000000,0x00000000a50de820,0x00000000a8780000)
 Metaspace       used 77398K, capacity 80496K, committed 80688K, reserved 1120256K
  class space    used 10130K, capacity 10792K, committed 10800K, reserved 1048576K
GC Heap History (10 events):
Event: 104.164 GC heap before
{Heap before GC invocations=22 (full 3):
 PSYoungGen      total 222208K, used 222165K [0x00000000e0000000, 0x00000000f0480000, 0x0000000100000000)
  eden space 195584K, 99% used [0x00000000e0000000,0x00000000ebef8e68,0x00000000ebf00000)
  from space 26624K, 99% used [0x00000000ede00000,0x00000000ef7fc6d8,0x00000000ef800000)
  to   space 31744K, 0% used [0x00000000ebf00000,0x00000000ebf00000,0x00000000ede00000)
 ParOldGen       total 138752K, used 40552K [0x00000000a0000000, 0x00000000a8780000, 0x00000000e0000000)
  object space 138752K, 29% used [0x00000000a0000000,0x00000000a279a168,0x00000000a8780000)
 Metaspace       used 67106K, capacity 69170K, committed 69424K, reserved 1110016K
  class space    used 8950K, capacity 9483K, committed 9520K, reserved 1048576K
Event: 104.315 GC heap after
Heap after GC invocations=22 (full 3):
 PSYoungGen      total 227328K, used 31720K [0x00000000e0000000, 0x00000000f4180000, 0x0000000100000000)
  eden space 195584K, 0% used [0x00000000e0000000,0x00000000e0000000,0x00000000ebf00000)
  from space 31744K, 99% used [0x00000000ebf00000,0x00000000eddfa0e0,0x00000000ede00000)
  to   space 44544K, 0% used [0x00000000f1600000,0x00000000f1600000,0x00000000f4180000)
 ParOldGen       total 138752K, used 62210K [0x00000000a0000000, 0x00000000a8780000, 0x00000000e0000000)
  object space 138752K, 44% used [0x00000000a0000000,0x00000000a3cc0b10,0x00000000a8780000)
 Metaspace       used 67106K, capacity 69170K, committed 69424K, reserved 1110016K
  class space    used 8950K, capacity 9483K, committed 9520K, reserved 1048576K
}
Event: 119.878 GC heap before
{Heap before GC invocations=23 (full 3):
 PSYoungGen      total 227328K, used 227304K [0x00000000e0000000, 0x00000000f4180000, 0x0000000100000000)
  eden space 195584K, 100% used [0x00000000e0000000,0x00000000ebf00000,0x00000000ebf00000)
  from space 31744K, 99% used [0x00000000ebf00000,0x00000000eddfa0e0,0x00000000ede00000)
  to   space 44544K, 0% used [0x00000000f1600000,0x00000000f1600000,0x00000000f4180000)
 ParOldGen       total 138752K, used 62210K [0x00000000a0000000, 0x00000000a8780000, 0x00000000e0000000)
  object space 138752K, 44% used [0x00000000a0000000,0x00000000a3cc0b10,0x00000000a8780000)
 Metaspace       used 75755K, capacity 78584K, committed 78768K, reserved 1118208K
  class space    used 9995K, capacity 10638K, committed 10672K, reserved 1048576K
Event: 120.033 GC heap after
Heap after GC invocations=23 (full 3):
 PSYoungGen      total 277504K, used 44522K [0x00000000e0000000, 0x00000000f4c80000, 0x0000000100000000)
  eden space 232960K, 0% used [0x00000000e0000000,0x00000000e0000000,0x00000000ee380000)
  from space 44544K, 99% used [0x00000000f1600000,0x00000000f417a9a8,0x00000000f4180000)
  to   space 51712K, 0% used [0x00000000ee380000,0x00000000ee380000,0x00000000f1600000)
 ParOldGen       total 138752K, used 62218K [0x00000000a0000000, 0x00000000a8780000, 0x00000000e0000000)
  object space 138752K, 44% used [0x00000000a0000000,0x00000000a3cc2b10,0x00000000a8780000)
 Metaspace       used 75755K, capacity 78584K, committed 78768K, reserved 1118208K
  class space    used 9995K, capacity 10638K, committed 10672K, reserved 1048576K
}
Event: 127.214 GC heap before
{Heap before GC invocations=24 (full 3):
 PSYoungGen      total 277504K, used 277482K [0x00000000e0000000, 0x00000000f4c80000, 0x0000000100000000)
  eden space 232960K, 100% used [0x00000000e0000000,0x00000000ee380000,0x00000000ee380000)
  from space 44544K, 99% used [0x00000000f1600000,0x00000000f417a9a8,0x00000000f4180000)
  to   space 51712K, 0% used [0x00000000ee380000,0x00000000ee380000,0x00000000f1600000)
 ParOldGen       total 138752K, used 62218K [0x00000000a0000000, 0x00000000a8780000, 0x00000000e0000000)
  object space 138752K, 44% used [0x00000000a0000000,0x00000000a3cc2b10,0x00000000a8780000)
 Metaspace       used 76753K, capacity 79638K, committed 79920K, reserved 1118208K
  class space    used 10061K, capacity 10707K, committed 10800K, reserved 1048576K
Event: 127.308 GC heap after
Heap after GC invocations=24 (full 3):
 PSYoungGen      total 284672K, used 25090K [0x00000000e0000000, 0x00000000f7380000, 0x0000000100000000)
  eden space 232960K, 0% used [0x00000000e0000000,0x00000000e0000000,0x00000000ee380000)
  from space 51712K, 48% used [0x00000000ee380000,0x00000000efc009d0,0x00000000f1600000)
  to   space 50176K, 0% used [0x00000000f4280000,0x00000000f4280000,0x00000000f7380000)
 ParOldGen       total 138752K, used 72701K [0x00000000a0000000, 0x00000000a8780000, 0x00000000e0000000)
  object space 138752K, 52% used [0x00000000a0000000,0x00000000a46ff700,0x00000000a8780000)
 Metaspace       used 76753K, capacity 79638K, committed 79920K, reserved 1118208K
  class space    used 10061K, capacity 10707K, committed 10800K, reserved 1048576K
}
Event: 134.486 GC heap before
{Heap before GC invocations=25 (full 3):
 PSYoungGen      total 284672K, used 258050K [0x00000000e0000000, 0x00000000f7380000, 0x0000000100000000)
  eden space 232960K, 100% used [0x00000000e0000000,0x00000000ee380000,0x00000000ee380000)
  from space 51712K, 48% used [0x00000000ee380000,0x00000000efc009d0,0x00000000f1600000)
  to   space 50176K, 0% used [0x00000000f4280000,0x00000000f4280000,0x00000000f7380000)
 ParOldGen       total 138752K, used 72701K [0x00000000a0000000, 0x00000000a8780000, 0x00000000e0000000)
  object space 138752K, 52% used [0x00000000a0000000,0x00000000a46ff700,0x00000000a8780000)
 Metaspace       used 76974K, capacity 79932K, committed 80176K, reserved 1118208K
  class space    used 10090K, capacity 10746K, committed 10800K, reserved 1048576K
Event: 134.602 GC heap after
Heap after GC invocations=25 (full 3):
 PSYoungGen      total 324096K, used 18795K [0x00000000e0000000, 0x00000000f6e00000, 0x0000000100000000)
  eden space 279552K, 0% used [0x00000000e0000000,0x00000000e0000000,0x00000000f1100000)
  from space 44544K, 42% used [0x00000000f4280000,0x00000000f54daec8,0x00000000f6e00000)
  to   space 47616K, 0% used [0x00000000f1100000,0x00000000f1100000,0x00000000f3f80000)
 ParOldGen       total 138752K, used 80165K [0x00000000a0000000, 0x00000000a8780000, 0x00000000e0000000)
  object space 138752K, 57% used [0x00000000a0000000,0x00000000a4e497c0,0x00000000a8780000)
 Metaspace       used 76974K, capacity 79932K, committed 80176K, reserved 1118208K
  class space    used 10090K, capacity 10746K, committed 10800K, reserved 1048576K
}
Event: 168.619 GC heap before
{Heap before GC invocations=26 (full 3):
 PSYoungGen      total 324096K, used 298347K [0x00000000e0000000, 0x00000000f6e00000, 0x0000000100000000)
  eden space 279552K, 100% used [0x00000000e0000000,0x00000000f1100000,0x00000000f1100000)
  from space 44544K, 42% used [0x00000000f4280000,0x00000000f54daec8,0x00000000f6e00000)
  to   space 47616K, 0% used [0x00000000f1100000,0x00000000f1100000,0x00000000f3f80000)
 ParOldGen       total 138752K, used 80165K [0x00000000a0000000, 0x00000000a8780000, 0x00000000e0000000)
  object space 138752K, 57% used [0x00000000a0000000,0x00000000a4e497c0,0x00000000a8780000)
 Metaspace       used 77342K, capacity 80344K, committed 80432K, reserved 1118208K
  class space    used 10125K, capacity 10788K, committed 10800K, reserved 1048576K
Event: 168.668 GC heap after
Heap after GC invocations=26 (full 3):
 PSYoungGen      total 327168K, used 38835K [0x00000000e0000000, 0x00000000fa580000, 0x0000000100000000)
  eden space 279552K, 0% used [0x00000000e0000000,0x00000000e0000000,0x00000000f1100000)
  from space 47616K, 81% used [0x00000000f1100000,0x00000000f36ecca8,0x00000000f3f80000)
  to   space 51712K, 0% used [0x00000000f7300000,0x00000000f7300000,0x00000000fa580000)
 ParOldGen       total 138752K, used 82810K [0x00000000a0000000, 0x00000000a8780000, 0x00000000e0000000)
  object space 138752K, 59% used [0x00000000a0000000,0x00000000a50de820,0x00000000a8780000)
 Metaspace       used 77342K, capacity 80344K, committed 80432K, reserved 1118208K
  class space    used 10125K, capacity 10788K, committed 10800K, reserved 1048576K
}

